;  LST file generated by mikroListExporter - v.2.0 
; Date/Time: 6/10/2021 9:01:04 PM
;----------------------------------------------

;Address Opcode 	ASM
0x0000	0xF002EF92  	GOTO        1316
_interrupt:
;uart.c,22 :: 		void interrupt()
0x0008	0xF018C000  	MOVFF       R0, 24
0x000C	0xF017C001  	MOVFF       R1, 23
0x0010	0xF016C00C  	MOVFF       R12, 22
0x0014	0xF015C00D  	MOVFF       R13, 21
;uart.c,24 :: 		if(PIR1.RCIF == 1)
0x0018	0xAA9E      	BTFSS       PIR1, 5 
0x001A	0xD02C      	BRA         L_interrupt0
;uart.c,26 :: 		PIR1.RCIF = 0;
0x001C	0x9A9E      	BCF         PIR1, 5 
;uart.c,27 :: 		if (UART1_Data_Ready() == 1)
0x001E	0xD938      	RCALL       _UART1_Data_Ready
0x0020	0x5000      	MOVF        R0, 0 
0x0022	0x0A01      	XORLW       1
0x0024	0xE127      	BNZ         L_interrupt1
;uart.c,29 :: 		ReceiveData = UART1_Read();
0x0026	0xD9A4      	RCALL       _UART1_Read
0x0028	0xF0C9C000  	MOVFF       R0, _Receivedata
;uart.c,30 :: 		if(ReceiveData == '1')
0x002C	0x5000      	MOVF        R0, 0 
0x002E	0x0A31      	XORLW       49
0x0030	0xE107      	BNZ         L_interrupt2
;uart.c,32 :: 		PORTE.B0 = 1;
0x0032	0x8084      	BSF         PORTE, 0 
;uart.c,33 :: 		PORTE.B1 = 0;
0x0034	0x9284      	BCF         PORTE, 1 
;uart.c,34 :: 		old_state = 1;
0x0036	0x0E01      	MOVLW       1
0x0038	0x0100      	MOVLB       0
0x003A	0x6F8B      	MOVWF       _old_state, 1
0x003C	0x0E00      	MOVLW       0
0x003E	0x6F8C      	MOVWF       _old_state+1, 1
;uart.c,35 :: 		}
L_interrupt2:
0x0040	0x0100      	MOVLB       0
;uart.c,36 :: 		if(ReceiveData == '3')
0x0042	0x51C9      	MOVF        _Receivedata, 0, 1
0x0044	0x0A33      	XORLW       51
0x0046	0xE106      	BNZ         L_interrupt3
;uart.c,38 :: 		PORTE.B1 = 1;
0x0048	0x8284      	BSF         PORTE, 1 
;uart.c,39 :: 		PORTE.B0 = 0;
0x004A	0x9084      	BCF         PORTE, 0 
;uart.c,40 :: 		old_state = 3;
0x004C	0x0E03      	MOVLW       3
0x004E	0x6F8B      	MOVWF       _old_state, 1
0x0050	0x0E00      	MOVLW       0
0x0052	0x6F8C      	MOVWF       _old_state+1, 1
;uart.c,41 :: 		}
L_interrupt3:
;uart.c,42 :: 		if(ReceiveData == '2')
0x0054	0x51C9      	MOVF        _Receivedata, 0, 1
0x0056	0x0A32      	XORLW       50
0x0058	0xE105      	BNZ         L_interrupt4
;uart.c,44 :: 		PORTE.B0 = 0;
0x005A	0x9084      	BCF         PORTE, 0 
;uart.c,45 :: 		old_state = 2;
0x005C	0x0E02      	MOVLW       2
0x005E	0x6F8B      	MOVWF       _old_state, 1
0x0060	0x0E00      	MOVLW       0
0x0062	0x6F8C      	MOVWF       _old_state+1, 1
;uart.c,46 :: 		}
L_interrupt4:
;uart.c,47 :: 		if(ReceiveData == '4')
0x0064	0x51C9      	MOVF        _Receivedata, 0, 1
0x0066	0x0A34      	XORLW       52
0x0068	0xE105      	BNZ         L_interrupt5
;uart.c,49 :: 		PORTE.B1 = 0;
0x006A	0x9284      	BCF         PORTE, 1 
;uart.c,50 :: 		old_state = 4;
0x006C	0x0E04      	MOVLW       4
0x006E	0x6F8B      	MOVWF       _old_state, 1
0x0070	0x0E00      	MOVLW       0
0x0072	0x6F8C      	MOVWF       _old_state+1, 1
;uart.c,51 :: 		}
L_interrupt5:
;uart.c,52 :: 		}
L_interrupt1:
;uart.c,53 :: 		}
L_interrupt0:
;uart.c,54 :: 		if(INTCON.INT0IF == 1)
0x0074	0xA2F2      	BTFSS       INTCON, 1 
0x0076	0xD039      	BRA         L_interrupt6
;uart.c,56 :: 		INTCON.INT0IF = 0;
0x0078	0x0100      	MOVLB       0
0x007A	0x92F2      	BCF         INTCON, 1 
;uart.c,57 :: 		count++;
0x007C	0x4B75      	INFSNZ      _count, 1, 1
0x007E	0x2B76      	INCF        _count+1, 1, 1
;uart.c,58 :: 		if((count % 2) != 0)
0x0080	0x0E02      	MOVLW       2
0x0082	0x6E04      	MOVWF       R4 
0x0084	0x0E00      	MOVLW       0
0x0086	0x6E05      	MOVWF       R5 
0x0088	0xF000C075  	MOVFF       _count, R0
0x008C	0xF001C076  	MOVFF       _count+1, R1
0x0090	0xD90C      	RCALL       _Div_16x16_S
0x0092	0xF000C008  	MOVFF       R8, R0
0x0096	0xF001C009  	MOVFF       R9, R1
0x009A	0x0E00      	MOVLW       0
0x009C	0x1801      	XORWF       R1, 0 
0x009E	0xE102      	BNZ         L__interrupt25
0x00A0	0x0E00      	MOVLW       0
0x00A2	0x1800      	XORWF       R0, 0 
L__interrupt25:
0x00A4	0xE007      	BZ          L_interrupt7
;uart.c,60 :: 		old_state = 1;
0x00A6	0x0E01      	MOVLW       1
0x00A8	0x0100      	MOVLB       0
0x00AA	0x6F8B      	MOVWF       _old_state, 1
0x00AC	0x0E00      	MOVLW       0
0x00AE	0x6F8C      	MOVWF       _old_state+1, 1
;uart.c,61 :: 		PORTE.B0 = 1;
0x00B0	0x8084      	BSF         PORTE, 0 
;uart.c,62 :: 		PORTE.B1 = 0;
0x00B2	0x9284      	BCF         PORTE, 1 
;uart.c,63 :: 		}
L_interrupt7:
;uart.c,64 :: 		if((count % 2) == 0)
0x00B4	0x0E02      	MOVLW       2
0x00B6	0x6E04      	MOVWF       R4 
0x00B8	0x0E00      	MOVLW       0
0x00BA	0x6E05      	MOVWF       R5 
0x00BC	0xF000C075  	MOVFF       _count, R0
0x00C0	0xF001C076  	MOVFF       _count+1, R1
0x00C4	0xD8F2      	RCALL       _Div_16x16_S
0x00C6	0xF000C008  	MOVFF       R8, R0
0x00CA	0xF001C009  	MOVFF       R9, R1
0x00CE	0x0E00      	MOVLW       0
0x00D0	0x1801      	XORWF       R1, 0 
0x00D2	0xE102      	BNZ         L__interrupt26
0x00D4	0x0E00      	MOVLW       0
0x00D6	0x1800      	XORWF       R0, 0 
L__interrupt26:
0x00D8	0xE108      	BNZ         L_interrupt8
;uart.c,66 :: 		old_state = 2;
0x00DA	0x0E02      	MOVLW       2
0x00DC	0x0100      	MOVLB       0
0x00DE	0x6F8B      	MOVWF       _old_state, 1
0x00E0	0x0E00      	MOVLW       0
0x00E2	0x6F8C      	MOVWF       _old_state+1, 1
;uart.c,67 :: 		PORTE.B0 = 0;
0x00E4	0x9084      	BCF         PORTE, 0 
;uart.c,68 :: 		count = 0;
0x00E6	0x6B75      	CLRF        _count, 1
0x00E8	0x6B76      	CLRF        _count+1, 1
;uart.c,69 :: 		}
L_interrupt8:
;uart.c,70 :: 		}
L_interrupt6:
;uart.c,71 :: 		if(INTCON3.INT1IF == 1)
0x00EA	0xA0F0      	BTFSS       INTCON3, 0 
0x00EC	0xD039      	BRA         L_interrupt9
;uart.c,73 :: 		INTCON3.INT1IF = 0;
0x00EE	0x0100      	MOVLB       0
0x00F0	0x90F0      	BCF         INTCON3, 0 
;uart.c,74 :: 		count1++;
0x00F2	0x4BB7      	INFSNZ      _count1, 1, 1
0x00F4	0x2BB8      	INCF        _count1+1, 1, 1
;uart.c,75 :: 		if((count1 % 2) != 0)
0x00F6	0x0E02      	MOVLW       2
0x00F8	0x6E04      	MOVWF       R4 
0x00FA	0x0E00      	MOVLW       0
0x00FC	0x6E05      	MOVWF       R5 
0x00FE	0xF000C0B7  	MOVFF       _count1, R0
0x0102	0xF001C0B8  	MOVFF       _count1+1, R1
0x0106	0xD8D1      	RCALL       _Div_16x16_S
0x0108	0xF000C008  	MOVFF       R8, R0
0x010C	0xF001C009  	MOVFF       R9, R1
0x0110	0x0E00      	MOVLW       0
0x0112	0x1801      	XORWF       R1, 0 
0x0114	0xE102      	BNZ         L__interrupt27
0x0116	0x0E00      	MOVLW       0
0x0118	0x1800      	XORWF       R0, 0 
L__interrupt27:
0x011A	0xE007      	BZ          L_interrupt10
;uart.c,77 :: 		old_state = 3;
0x011C	0x0E03      	MOVLW       3
0x011E	0x0100      	MOVLB       0
0x0120	0x6F8B      	MOVWF       _old_state, 1
0x0122	0x0E00      	MOVLW       0
0x0124	0x6F8C      	MOVWF       _old_state+1, 1
;uart.c,78 :: 		PORTE.B1 = 1;
0x0126	0x8284      	BSF         PORTE, 1 
;uart.c,79 :: 		PORTE.B0 = 0;
0x0128	0x9084      	BCF         PORTE, 0 
;uart.c,80 :: 		}
L_interrupt10:
;uart.c,81 :: 		if((count1 % 2) == 0)
0x012A	0x0E02      	MOVLW       2
0x012C	0x6E04      	MOVWF       R4 
0x012E	0x0E00      	MOVLW       0
0x0130	0x6E05      	MOVWF       R5 
0x0132	0xF000C0B7  	MOVFF       _count1, R0
0x0136	0xF001C0B8  	MOVFF       _count1+1, R1
0x013A	0xD8B7      	RCALL       _Div_16x16_S
0x013C	0xF000C008  	MOVFF       R8, R0
0x0140	0xF001C009  	MOVFF       R9, R1
0x0144	0x0E00      	MOVLW       0
0x0146	0x1801      	XORWF       R1, 0 
0x0148	0xE102      	BNZ         L__interrupt28
0x014A	0x0E00      	MOVLW       0
0x014C	0x1800      	XORWF       R0, 0 
L__interrupt28:
0x014E	0xE108      	BNZ         L_interrupt11
;uart.c,83 :: 		old_state = 4;
0x0150	0x0E04      	MOVLW       4
0x0152	0x0100      	MOVLB       0
0x0154	0x6F8B      	MOVWF       _old_state, 1
0x0156	0x0E00      	MOVLW       0
0x0158	0x6F8C      	MOVWF       _old_state+1, 1
;uart.c,84 :: 		PORTE.B1 = 0;
0x015A	0x9284      	BCF         PORTE, 1 
;uart.c,85 :: 		count1 = 0;
0x015C	0x6BB7      	CLRF        _count1, 1
0x015E	0x6BB8      	CLRF        _count1+1, 1
;uart.c,86 :: 		}
L_interrupt11:
;uart.c,87 :: 		}
L_interrupt9:
;uart.c,88 :: 		}
L_end_interrupt:
L__interrupt24:
0x0160	0xF000C018  	MOVFF       24, R0
0x0164	0xF001C017  	MOVFF       23, R1
0x0168	0xF00CC016  	MOVFF       22, R12
0x016C	0xF00DC015  	MOVFF       21, R13
0x0170	0x0011      	RETFIE      1
; end of _interrupt
_Delay_1us:
;__Lib_Delays.c,7 :: 		void Delay_1us() {
;__Lib_Delays.c,8 :: 		Delay_us(1);
0x0172	0x0000      	NOP
0x0174	0x0000      	NOP
0x0176	0x0000      	NOP
0x0178	0x0000      	NOP
0x017A	0x0000      	NOP
;__Lib_Delays.c,9 :: 		}
L_end_Delay_1us:
0x017C	0x0012      	RETURN      0
; end of _Delay_1us
_Delay_5500us:
;__Lib_Delays.c,31 :: 		void Delay_5500us() {
;__Lib_Delays.c,32 :: 		Delay_us(5500);
0x017E	0x0E24      	MOVLW       36
0x0180	0x6E0C      	MOVWF       R12, 0
0x0182	0x0EB5      	MOVLW       181
0x0184	0x6E0D      	MOVWF       R13, 0
L_Delay_5500us5:
0x0186	0x2E0D      	DECFSZ      R13, 1, 0
0x0188	0xD7FE      	BRA         L_Delay_5500us5
0x018A	0x2E0C      	DECFSZ      R12, 1, 0
0x018C	0xD7FC      	BRA         L_Delay_5500us5
0x018E	0x0000      	NOP
0x0190	0x0000      	NOP
;__Lib_Delays.c,33 :: 		}
L_end_Delay_5500us:
0x0192	0x0012      	RETURN      0
; end of _Delay_5500us
_Delay_50us:
;__Lib_Delays.c,19 :: 		void Delay_50us() {
;__Lib_Delays.c,20 :: 		Delay_us(50);
0x0194	0x0E53      	MOVLW       83
0x0196	0x6E0D      	MOVWF       R13, 0
L_Delay_50us2:
0x0198	0x2E0D      	DECFSZ      R13, 1, 0
0x019A	0xD7FE      	BRA         L_Delay_50us2
;__Lib_Delays.c,21 :: 		}
L_end_Delay_50us:
0x019C	0x0012      	RETURN      0
; end of _Delay_50us
_Lcd_Cmd:
;__Lib_Lcd.c,18 :: 		
;__Lib_Lcd.c,20 :: 		
0x019E	0x0100      	MOVLB       0
0x01A0	0xBFD1      	BTFSC       FARG_Lcd_Cmd_out_char, 7, 1
0x01A2	0xD002      	BRA         L__Lcd_Cmd21
0x01A4	0x9A8C      	BCF         LCD_D7, BitPos(LCD_D7+0) 
0x01A6	0xD001      	BRA         L__Lcd_Cmd22
L__Lcd_Cmd21:
0x01A8	0x8A8C      	BSF         LCD_D7, BitPos(LCD_D7+0) 
L__Lcd_Cmd22:
;__Lib_Lcd.c,21 :: 		
0x01AA	0xBDD1      	BTFSC       FARG_Lcd_Cmd_out_char, 6, 1
0x01AC	0xD002      	BRA         L__Lcd_Cmd23
0x01AE	0x988C      	BCF         LCD_D6, BitPos(LCD_D6+0) 
0x01B0	0xD001      	BRA         L__Lcd_Cmd24
L__Lcd_Cmd23:
0x01B2	0x888C      	BSF         LCD_D6, BitPos(LCD_D6+0) 
L__Lcd_Cmd24:
;__Lib_Lcd.c,22 :: 		
0x01B4	0xBBD1      	BTFSC       FARG_Lcd_Cmd_out_char, 5, 1
0x01B6	0xD002      	BRA         L__Lcd_Cmd25
0x01B8	0x968C      	BCF         LCD_D5, BitPos(LCD_D5+0) 
0x01BA	0xD001      	BRA         L__Lcd_Cmd26
L__Lcd_Cmd25:
0x01BC	0x868C      	BSF         LCD_D5, BitPos(LCD_D5+0) 
L__Lcd_Cmd26:
;__Lib_Lcd.c,23 :: 		
0x01BE	0xB9D1      	BTFSC       FARG_Lcd_Cmd_out_char, 4, 1
0x01C0	0xD002      	BRA         L__Lcd_Cmd27
0x01C2	0x948C      	BCF         LCD_D4, BitPos(LCD_D4+0) 
0x01C4	0xD001      	BRA         L__Lcd_Cmd28
L__Lcd_Cmd27:
0x01C6	0x848C      	BSF         LCD_D4, BitPos(LCD_D4+0) 
L__Lcd_Cmd28:
;__Lib_Lcd.c,25 :: 		
0x01C8	0xB1CA      	BTFSC       __Lib_Lcd_cmd_status, BitPos(__Lib_Lcd_cmd_status+0), 1
0x01CA	0xD002      	BRA         L__Lcd_Cmd29
0x01CC	0x808C      	BSF         LCD_RS, BitPos(LCD_RS+0) 
0x01CE	0xD001      	BRA         L__Lcd_Cmd30
L__Lcd_Cmd29:
0x01D0	0x908C      	BCF         LCD_RS, BitPos(LCD_RS+0) 
L__Lcd_Cmd30:
;__Lib_Lcd.c,28 :: 		
0x01D2	0x828C      	BSF         LCD_EN, BitPos(LCD_EN+0) 
;__Lib_Lcd.c,29 :: 		
0x01D4	0xDFCE      	RCALL       _Delay_1us
;__Lib_Lcd.c,30 :: 		
0x01D6	0x928C      	BCF         LCD_EN, BitPos(LCD_EN+0) 
;__Lib_Lcd.c,33 :: 		
0x01D8	0xB7D1      	BTFSC       FARG_Lcd_Cmd_out_char, 3, 1
0x01DA	0xD002      	BRA         L__Lcd_Cmd31
0x01DC	0x9A8C      	BCF         LCD_D7, BitPos(LCD_D7+0) 
0x01DE	0xD001      	BRA         L__Lcd_Cmd32
L__Lcd_Cmd31:
0x01E0	0x8A8C      	BSF         LCD_D7, BitPos(LCD_D7+0) 
L__Lcd_Cmd32:
;__Lib_Lcd.c,34 :: 		
0x01E2	0xB5D1      	BTFSC       FARG_Lcd_Cmd_out_char, 2, 1
0x01E4	0xD002      	BRA         L__Lcd_Cmd33
0x01E6	0x988C      	BCF         LCD_D6, BitPos(LCD_D6+0) 
0x01E8	0xD001      	BRA         L__Lcd_Cmd34
L__Lcd_Cmd33:
0x01EA	0x888C      	BSF         LCD_D6, BitPos(LCD_D6+0) 
L__Lcd_Cmd34:
;__Lib_Lcd.c,35 :: 		
0x01EC	0xB3D1      	BTFSC       FARG_Lcd_Cmd_out_char, 1, 1
0x01EE	0xD002      	BRA         L__Lcd_Cmd35
0x01F0	0x968C      	BCF         LCD_D5, BitPos(LCD_D5+0) 
0x01F2	0xD001      	BRA         L__Lcd_Cmd36
L__Lcd_Cmd35:
0x01F4	0x868C      	BSF         LCD_D5, BitPos(LCD_D5+0) 
L__Lcd_Cmd36:
;__Lib_Lcd.c,36 :: 		
0x01F6	0xB1D1      	BTFSC       FARG_Lcd_Cmd_out_char, 0, 1
0x01F8	0xD002      	BRA         L__Lcd_Cmd37
0x01FA	0x948C      	BCF         LCD_D4, BitPos(LCD_D4+0) 
0x01FC	0xD001      	BRA         L__Lcd_Cmd38
L__Lcd_Cmd37:
0x01FE	0x848C      	BSF         LCD_D4, BitPos(LCD_D4+0) 
L__Lcd_Cmd38:
;__Lib_Lcd.c,38 :: 		
0x0200	0xB1CA      	BTFSC       __Lib_Lcd_cmd_status, BitPos(__Lib_Lcd_cmd_status+0), 1
0x0202	0xD002      	BRA         L__Lcd_Cmd39
0x0204	0x808C      	BSF         LCD_RS, BitPos(LCD_RS+0) 
0x0206	0xD001      	BRA         L__Lcd_Cmd40
L__Lcd_Cmd39:
0x0208	0x908C      	BCF         LCD_RS, BitPos(LCD_RS+0) 
L__Lcd_Cmd40:
;__Lib_Lcd.c,40 :: 		
0x020A	0x828C      	BSF         LCD_EN, BitPos(LCD_EN+0) 
;__Lib_Lcd.c,41 :: 		
0x020C	0xDFB2      	RCALL       _Delay_1us
;__Lib_Lcd.c,42 :: 		
0x020E	0x928C      	BCF         LCD_EN, BitPos(LCD_EN+0) 
;__Lib_Lcd.c,44 :: 		
0x0210	0xA1CA      	BTFSS       __Lib_Lcd_cmd_status, BitPos(__Lib_Lcd_cmd_status+0), 1
0x0212	0xD002      	BRA         L_Lcd_Cmd0
;__Lib_Lcd.c,45 :: 		
0x0214	0xDFB4      	RCALL       _Delay_5500us
0x0216	0xD001      	BRA         L_Lcd_Cmd1
L_Lcd_Cmd0:
;__Lib_Lcd.c,47 :: 		
0x0218	0xDFBD      	RCALL       _Delay_50us
L_Lcd_Cmd1:
;__Lib_Lcd.c,48 :: 		
L_end_Lcd_Cmd:
0x021A	0x0012      	RETURN      0
; end of _Lcd_Cmd
_UART1_Write:
;__Lib_UART_c67.c,58 :: 		
;__Lib_UART_c67.c,59 :: 		
L_UART1_Write3:
0x021C	0xB2AC      	BTFSC       TXSTA, 1 
0x021E	0xD002      	BRA         L_UART1_Write4
;__Lib_UART_c67.c,60 :: 		
0x0220	0x0000      	NOP
0x0222	0xD7FC      	BRA         L_UART1_Write3
L_UART1_Write4:
;__Lib_UART_c67.c,61 :: 		
0x0224	0xFFADC0D0  	MOVFF       FARG_UART1_Write_data_, TXREG
;__Lib_UART_c67.c,62 :: 		
L_end_UART1_Write:
0x0228	0x0012      	RETURN      0
; end of _UART1_Write
_Div_16x16_S_L:
;__Lib_Math.c,139 :: 		
;__Lib_Math.c,146 :: 		
0x022A	0x3401      	RLCF        R1, 0, 0
;__Lib_Math.c,147 :: 		
0x022C	0x3608      	RLCF        R8, 1, 0
;__Lib_Math.c,148 :: 		
0x022E	0x3609      	RLCF        R9, 1, 0
;__Lib_Math.c,149 :: 		
0x0230	0x5004      	MOVF        R4, 0, 0
;__Lib_Math.c,150 :: 		
0x0232	0x5E08      	SUBWF       R8, 1, 0
;__Lib_Math.c,151 :: 		
0x0234	0x5005      	MOVF        R5, 0, 0
;__Lib_Math.c,152 :: 		
0x0236	0xA0D8      	BTFSS       STATUS, 0, 0
;__Lib_Math.c,153 :: 		
0x0238	0x3C05      	INCFSZ      R5, 0, 0
;__Lib_Math.c,154 :: 		
0x023A	0x5E09      	SUBWF       R9, 1, 0
;__Lib_Math.c,155 :: 		
0x023C	0x3600      	RLCF        R0, 1, 0
;__Lib_Math.c,156 :: 		
0x023E	0x3601      	RLCF        R1, 1, 0
;__Lib_Math.c,158 :: 		
0x0240	0x0E0F      	MOVLW       15
;__Lib_Math.c,159 :: 		
0x0242	0x6E0C      	MOVWF       R12, 0
;__Lib_Math.c,161 :: 		
0x0244	0x3401      	RLCF        R1, 0, 0
;__Lib_Math.c,162 :: 		
0x0246	0x3608      	RLCF        R8, 1, 0
;__Lib_Math.c,163 :: 		
0x0248	0x3609      	RLCF        R9, 1, 0
;__Lib_Math.c,164 :: 		
0x024A	0x5004      	MOVF        R4, 0, 0
;__Lib_Math.c,166 :: 		
0x024C	0xA000      	BTFSS       R0, 0, 0
;__Lib_Math.c,167 :: 		
0x024E	0xD006      	BRA         $+14
;__Lib_Math.c,168 :: 		
0x0250	0x5E08      	SUBWF       R8, 1, 0
;__Lib_Math.c,169 :: 		
0x0252	0x5005      	MOVF        R5, 0, 0
;__Lib_Math.c,170 :: 		
0x0254	0xA0D8      	BTFSS       STATUS, 0, 0
;__Lib_Math.c,171 :: 		
0x0256	0x3C05      	INCFSZ      R5, 0, 0
;__Lib_Math.c,172 :: 		
0x0258	0x5E09      	SUBWF       R9, 1, 0
;__Lib_Math.c,173 :: 		
0x025A	0xD005      	BRA         $+12
;__Lib_Math.c,175 :: 		
0x025C	0x2608      	ADDWF       R8, 1, 0
;__Lib_Math.c,176 :: 		
0x025E	0x5005      	MOVF        R5, 0, 0
;__Lib_Math.c,177 :: 		
0x0260	0xB0D8      	BTFSC       STATUS, 0, 0
;__Lib_Math.c,178 :: 		
0x0262	0x3C05      	INCFSZ      R5, 0, 0
;__Lib_Math.c,179 :: 		
0x0264	0x2609      	ADDWF       R9, 1, 0
;__Lib_Math.c,181 :: 		
0x0266	0x3600      	RLCF        R0, 1, 0
;__Lib_Math.c,182 :: 		
0x0268	0x3601      	RLCF        R1, 1, 0
;__Lib_Math.c,184 :: 		
0x026A	0x2E0C      	DECFSZ      R12, 1, 0
;__Lib_Math.c,185 :: 		
0x026C	0xD7EB      	BRA         $-40
;__Lib_Math.c,187 :: 		
0x026E	0xB000      	BTFSC       R0, 0, 0
;__Lib_Math.c,188 :: 		
0x0270	0xD006      	BRA         $+14
;__Lib_Math.c,189 :: 		
0x0272	0x5004      	MOVF        R4, 0, 0
;__Lib_Math.c,190 :: 		
0x0274	0x2608      	ADDWF       R8, 1, 0
;__Lib_Math.c,191 :: 		
0x0276	0x5005      	MOVF        R5, 0, 0
;__Lib_Math.c,192 :: 		
0x0278	0xB0D8      	BTFSC       STATUS, 0, 0
;__Lib_Math.c,193 :: 		
0x027A	0x3C05      	INCFSZ      R5, 0, 0
;__Lib_Math.c,194 :: 		
0x027C	0x2609      	ADDWF       R9, 1, 0
;__Lib_Math.c,195 :: 		
0x027E	0x0000      	NOP
;__Lib_Math.c,197 :: 		
L_end_Div_16x16_S_L:
0x0280	0x0012      	RETURN      0
; end of _Div_16x16_S_L
_Lcd_Chr_CP:
;__Lib_Lcd.c,50 :: 		
;__Lib_Lcd.c,52 :: 		
0x0282	0x0100      	MOVLB       0
0x0284	0x91CA      	BCF         __Lib_Lcd_cmd_status, BitPos(__Lib_Lcd_cmd_status+0), 1
;__Lib_Lcd.c,53 :: 		
0x0286	0xF0D1C0D0  	MOVFF       FARG_Lcd_Chr_CP_out_char, FARG_Lcd_Cmd_out_char
0x028A	0xDF89      	RCALL       _Lcd_Cmd
;__Lib_Lcd.c,54 :: 		
0x028C	0x81CA      	BSF         __Lib_Lcd_cmd_status, BitPos(__Lib_Lcd_cmd_status+0), 1
;__Lib_Lcd.c,55 :: 		
L_end_Lcd_Chr_CP:
0x028E	0x0012      	RETURN      0
; end of _Lcd_Chr_CP
_UART1_Data_Ready:
;__Lib_UART_c67.c,34 :: 		
;__Lib_UART_c67.c,35 :: 		
0x0290	0x0E00      	MOVLW       0
0x0292	0xBA9E      	BTFSC       PIR1, 5 
0x0294	0x0E01      	MOVLW       1
0x0296	0x6E00      	MOVWF       R0 
;__Lib_UART_c67.c,36 :: 		
L_end_UART1_Data_Ready:
0x0298	0x0012      	RETURN      0
; end of _UART1_Data_Ready
___CC2DW:
;__Lib_System.c,21 :: 		
;__Lib_System.c,23 :: 		
_CC2DL_Loop1:
;__Lib_System.c,24 :: 		
0x029A	0x0009      	TBLRD*+
;__Lib_System.c,25 :: 		
0x029C	0xFFE6CFF5  	MOVFF       TABLAT, POSTINC1
;__Lib_System.c,26 :: 		
0x02A0	0x0600      	DECF        R0, 1, 0
;__Lib_System.c,27 :: 		
0x02A2	0xE1FB      	BNZ         _CC2DL_Loop1
;__Lib_System.c,28 :: 		
0x02A4	0x0601      	DECF        R1, 1, 0
;__Lib_System.c,29 :: 		
0x02A6	0xE1F9      	BNZ         _CC2DL_Loop1
;__Lib_System.c,31 :: 		
L_end___CC2DW:
0x02A8	0x0012      	RETURN      0
; end of ___CC2DW
_Div_16x16_S:
;__Lib_Math.c,200 :: 		
;__Lib_Math.c,208 :: 		
0x02AA	0x5004      	MOVF        R4, 0 
0x02AC	0x0A00      	XORLW       0
0x02AE	0xE108      	BNZ         L_Div_16x16_S0
;__Lib_Math.c,209 :: 		
0x02B0	0x5005      	MOVF        R5, 0 
0x02B2	0x0A00      	XORLW       0
0x02B4	0xE105      	BNZ         L_Div_16x16_S1
;__Lib_Math.c,210 :: 		
0x02B6	0x0EFF      	MOVLW       255
0x02B8	0x6E00      	MOVWF       R0 
;__Lib_Math.c,211 :: 		
0x02BA	0x0E7F      	MOVLW       127
0x02BC	0x6E01      	MOVWF       R1 
;__Lib_Math.c,212 :: 		
0x02BE	0xD057      	BRA         L_end_Div_16x16_S
;__Lib_Math.c,213 :: 		
L_Div_16x16_S1:
L_Div_16x16_S0:
;__Lib_Math.c,216 :: 		
0x02C0	0x6A0D      	CLRF        R13, 0
;__Lib_Math.c,217 :: 		
0x02C2	0x6A09      	CLRF        R9, 0
;__Lib_Math.c,218 :: 		
0x02C4	0x6A08      	CLRF        R8, 0
;__Lib_Math.c,219 :: 		
0x02C6	0x5001      	MOVF        R1, 0, 0
;__Lib_Math.c,220 :: 		
0x02C8	0x1000      	IORWF       R0, 0, 0
;__Lib_Math.c,221 :: 		
0x02CA	0xB4D8      	BTFSC       STATUS, 2, 0
;__Lib_Math.c,222 :: 		
0x02CC	0x0C00      	RETLW       0
;__Lib_Math.c,224 :: 		
0x02CE	0x5001      	MOVF        R1, 0, 0
;__Lib_Math.c,225 :: 		
0x02D0	0x1805      	XORWF       R5, 0, 0
;__Lib_Math.c,226 :: 		
0x02D2	0x6E0A      	MOVWF       R10, 0
;__Lib_Math.c,227 :: 		
0x02D4	0xBE0A      	BTFSC       R10, 7, 0
;__Lib_Math.c,228 :: 		
0x02D6	0x1E0D      	COMF        R13, 1, 0
;__Lib_Math.c,230 :: 		
0x02D8	0x6A0B      	CLRF        R11, 0
;__Lib_Math.c,232 :: 		
0x02DA	0xAE05      	BTFSS       R5, 7, 0
;__Lib_Math.c,233 :: 		
0x02DC	0xD005      	BRA         $+12
;__Lib_Math.c,235 :: 		
0x02DE	0x1E04      	COMF        R4, 1, 0
;__Lib_Math.c,236 :: 		
0x02E0	0x1E05      	COMF        R5, 1, 0
;__Lib_Math.c,237 :: 		
0x02E2	0x2A04      	INCF        R4, 1, 0
;__Lib_Math.c,238 :: 		
0x02E4	0xB4D8      	BTFSC       STATUS, 2, 0
;__Lib_Math.c,239 :: 		
0x02E6	0x2A05      	INCF        R5, 1, 0
;__Lib_Math.c,241 :: 		
0x02E8	0xAE01      	BTFSS       R1, 7, 0
;__Lib_Math.c,242 :: 		
0x02EA	0xD005      	BRA         $+12
;__Lib_Math.c,244 :: 		
0x02EC	0x1E00      	COMF        R0, 1, 0
;__Lib_Math.c,245 :: 		
0x02EE	0x1E01      	COMF        R1, 1, 0
;__Lib_Math.c,246 :: 		
0x02F0	0x2A00      	INCF        R0, 1, 0
;__Lib_Math.c,247 :: 		
0x02F2	0xB4D8      	BTFSC       STATUS, 2, 0
;__Lib_Math.c,248 :: 		
0x02F4	0x2A01      	INCF        R1, 1, 0
;__Lib_Math.c,250 :: 		
0x02F6	0x5001      	MOVF        R1, 0, 0
;__Lib_Math.c,251 :: 		
0x02F8	0x1005      	IORWF       R5, 0, 0
;__Lib_Math.c,252 :: 		
0x02FA	0x6E0A      	MOVWF       R10, 0
;__Lib_Math.c,253 :: 		
0x02FC	0xBE0A      	BTFSC       R10, 7, 0
;__Lib_Math.c,254 :: 		
0x02FE	0xD010      	BRA         $+34
;__Lib_Math.c,256 :: 		
0x0300	0xDF94      	RCALL       _Div_16x16_S_L
;__Lib_Math.c,258 :: 		
0x0302	0xB00B      	BTFSC       R11, 0, 0
;__Lib_Math.c,259 :: 		
0x0304	0xD020      	BRA         $+66
;__Lib_Math.c,261 :: 		
0x0306	0xAE0D      	BTFSS       R13, 7, 0
;__Lib_Math.c,262 :: 		
0x0308	0x0C00      	RETLW       0
;__Lib_Math.c,264 :: 		
0x030A	0x1E00      	COMF        R0, 1, 0
;__Lib_Math.c,265 :: 		
0x030C	0x1E01      	COMF        R1, 1, 0
;__Lib_Math.c,266 :: 		
0x030E	0x2A00      	INCF        R0, 1, 0
;__Lib_Math.c,267 :: 		
0x0310	0xB4D8      	BTFSC       STATUS, 2, 0
;__Lib_Math.c,268 :: 		
0x0312	0x2A01      	INCF        R1, 1, 0
;__Lib_Math.c,270 :: 		
0x0314	0x1E08      	COMF        R8, 1, 0
;__Lib_Math.c,271 :: 		
0x0316	0x1E09      	COMF        R9, 1, 0
;__Lib_Math.c,272 :: 		
0x0318	0x2A08      	INCF        R8, 1, 0
;__Lib_Math.c,273 :: 		
0x031A	0xB4D8      	BTFSC       STATUS, 2, 0
;__Lib_Math.c,274 :: 		
0x031C	0x2A09      	INCF        R9, 1, 0
;__Lib_Math.c,276 :: 		
0x031E	0x0C00      	RETLW       0
;__Lib_Math.c,278 :: 		
0x0320	0xAE05      	BTFSS       R5, 7, 0
;__Lib_Math.c,279 :: 		
0x0322	0xD00D      	BRA         $+28
;__Lib_Math.c,280 :: 		
0x0324	0xBE01      	BTFSC       R1, 7, 0
;__Lib_Math.c,281 :: 		
0x0326	0xD007      	BRA         $+16
;__Lib_Math.c,282 :: 		
0x0328	0x5001      	MOVF        R1, 0, 0
;__Lib_Math.c,283 :: 		
0x032A	0x6E09      	MOVWF       R9, 0
;__Lib_Math.c,284 :: 		
0x032C	0x5000      	MOVF        R0, 0, 0
;__Lib_Math.c,285 :: 		
0x032E	0x6E08      	MOVWF       R8, 0
;__Lib_Math.c,286 :: 		
0x0330	0x6A01      	CLRF        R1, 0
;__Lib_Math.c,287 :: 		
0x0332	0x6A00      	CLRF        R0, 0
;__Lib_Math.c,288 :: 		
0x0334	0xD7E8      	BRA         $-46
;__Lib_Math.c,289 :: 		
0x0336	0x6A01      	CLRF        R1, 0
;__Lib_Math.c,290 :: 		
0x0338	0x6A00      	CLRF        R0, 0
;__Lib_Math.c,291 :: 		
0x033A	0x2A00      	INCF        R0, 1, 0
;__Lib_Math.c,292 :: 		
0x033C	0x0C00      	RETLW       0
;__Lib_Math.c,294 :: 		
0x033E	0x1E01      	COMF        R1, 1, 0
;__Lib_Math.c,295 :: 		
0x0340	0x1E00      	COMF        R0, 1, 0
;__Lib_Math.c,296 :: 		
0x0342	0x2A0B      	INCF        R11, 1, 0
;__Lib_Math.c,297 :: 		
0x0344	0xD7DD      	BRA         $-68
;__Lib_Math.c,299 :: 		
0x0346	0x2A08      	INCF        R8, 1, 0
;__Lib_Math.c,300 :: 		
0x0348	0xB4D8      	BTFSC       STATUS, 2, 0
;__Lib_Math.c,301 :: 		
0x034A	0x2A09      	INCF        R9, 1, 0
;__Lib_Math.c,302 :: 		
0x034C	0x5004      	MOVF        R4, 0, 0
;__Lib_Math.c,303 :: 		
0x034E	0x5C08      	SUBWF       R8, 0, 0
;__Lib_Math.c,304 :: 		
0x0350	0xA4D8      	BTFSS       STATUS, 2, 0
;__Lib_Math.c,305 :: 		
0x0352	0xD7D9      	BRA         $-76
;__Lib_Math.c,306 :: 		
0x0354	0x5005      	MOVF        R5, 0, 0
;__Lib_Math.c,307 :: 		
0x0356	0x5C09      	SUBWF       R9, 0, 0
;__Lib_Math.c,308 :: 		
0x0358	0xA4D8      	BTFSS       STATUS, 2, 0
;__Lib_Math.c,309 :: 		
0x035A	0xD7D5      	BRA         $-84
;__Lib_Math.c,310 :: 		
0x035C	0x6A09      	CLRF        R9, 0
;__Lib_Math.c,311 :: 		
0x035E	0x6A08      	CLRF        R8, 0
;__Lib_Math.c,312 :: 		
0x0360	0x2A00      	INCF        R0, 1, 0
;__Lib_Math.c,313 :: 		
0x0362	0xB4D8      	BTFSC       STATUS, 2, 0
;__Lib_Math.c,314 :: 		
0x0364	0x2A01      	INCF        R1, 1, 0
;__Lib_Math.c,315 :: 		
0x0366	0xAE01      	BTFSS       R1, 7, 0
;__Lib_Math.c,316 :: 		
0x0368	0xD7CE      	BRA         $-98
;__Lib_Math.c,317 :: 		
0x036A	0x0000      	NOP
;__Lib_Math.c,318 :: 		
0x036C	0x0CFF      	RETLW       255
;__Lib_Math.c,320 :: 		
L_end_Div_16x16_S:
0x036E	0x0012      	RETURN      0
; end of _Div_16x16_S
_UART1_Read:
;__Lib_UART_c67.c,39 :: 		
;__Lib_UART_c67.c,42 :: 		
0x0370	0xF001CFAE  	MOVFF       RCREG, R1
;__Lib_UART_c67.c,43 :: 		
0x0374	0xA2AB      	BTFSS       RCSTA, 1 
0x0376	0xD002      	BRA         L_UART1_Read2
;__Lib_UART_c67.c,44 :: 		
0x0378	0x98AB      	BCF         RCSTA, 4 
;__Lib_UART_c67.c,45 :: 		
0x037A	0x88AB      	BSF         RCSTA, 4 
;__Lib_UART_c67.c,46 :: 		
L_UART1_Read2:
;__Lib_UART_c67.c,47 :: 		
0x037C	0xF000C001  	MOVFF       R1, R0
;__Lib_UART_c67.c,48 :: 		
L_end_UART1_Read:
0x0380	0x0012      	RETURN      0
; end of _UART1_Read
_Lcd_Out:
;__Lib_Lcd.c,184 :: 		
;__Lib_Lcd.c,187 :: 		
0x0382	0xD010      	BRA         L_Lcd_Out11
;__Lib_Lcd.c,188 :: 		
L_Lcd_Out13:
0x0384	0x0E80      	MOVLW       128
0x0386	0x0100      	MOVLB       0
0x0388	0x6FCB      	MOVWF       FARG_Lcd_Out_row, 1
0x038A	0xD01A      	BRA         L_Lcd_Out12
;__Lib_Lcd.c,189 :: 		
L_Lcd_Out14:
0x038C	0x0EC0      	MOVLW       192
0x038E	0x6FCB      	MOVWF       FARG_Lcd_Out_row, 1
0x0390	0xD017      	BRA         L_Lcd_Out12
;__Lib_Lcd.c,190 :: 		
L_Lcd_Out15:
0x0392	0x0E94      	MOVLW       148
0x0394	0x6FCB      	MOVWF       FARG_Lcd_Out_row, 1
0x0396	0xD014      	BRA         L_Lcd_Out12
;__Lib_Lcd.c,191 :: 		
L_Lcd_Out16:
0x0398	0x0ED4      	MOVLW       212
0x039A	0x6FCB      	MOVWF       FARG_Lcd_Out_row, 1
0x039C	0xD011      	BRA         L_Lcd_Out12
;__Lib_Lcd.c,192 :: 		
L_Lcd_Out17:
0x039E	0x0E80      	MOVLW       128
0x03A0	0x6FCB      	MOVWF       FARG_Lcd_Out_row, 1
;__Lib_Lcd.c,193 :: 		
0x03A2	0xD00E      	BRA         L_Lcd_Out12
L_Lcd_Out11:
0x03A4	0x0100      	MOVLB       0
0x03A6	0x51CB      	MOVF        FARG_Lcd_Out_row, 0, 1
0x03A8	0x0A01      	XORLW       1
0x03AA	0xE0EC      	BZ          L_Lcd_Out13
0x03AC	0x51CB      	MOVF        FARG_Lcd_Out_row, 0, 1
0x03AE	0x0A02      	XORLW       2
0x03B0	0xE0ED      	BZ          L_Lcd_Out14
0x03B2	0x51CB      	MOVF        FARG_Lcd_Out_row, 0, 1
0x03B4	0x0A03      	XORLW       3
0x03B6	0xE0ED      	BZ          L_Lcd_Out15
0x03B8	0x51CB      	MOVF        FARG_Lcd_Out_row, 0, 1
0x03BA	0x0A04      	XORLW       4
0x03BC	0xE0ED      	BZ          L_Lcd_Out16
0x03BE	0xD7EF      	BRA         L_Lcd_Out17
L_Lcd_Out12:
;__Lib_Lcd.c,194 :: 		
0x03C0	0x05CC      	DECF        FARG_Lcd_Out_column, 0, 1
0x03C2	0x6E00      	MOVWF       R0 
0x03C4	0x51CB      	MOVF        FARG_Lcd_Out_row, 0, 1
0x03C6	0x2600      	ADDWF       R0, 1 
0x03C8	0xF0CBC000  	MOVFF       R0, FARG_Lcd_Out_row
;__Lib_Lcd.c,196 :: 		
0x03CC	0xF0D1C000  	MOVFF       R0, FARG_Lcd_Cmd_out_char
0x03D0	0xDEE6      	RCALL       _Lcd_Cmd
;__Lib_Lcd.c,197 :: 		
0x03D2	0x91CA      	BCF         __Lib_Lcd_cmd_status, BitPos(__Lib_Lcd_cmd_status+0), 1
;__Lib_Lcd.c,198 :: 		
0x03D4	0x6BCF      	CLRF        Lcd_Out_i_L0, 1
;__Lib_Lcd.c,199 :: 		
L_Lcd_Out18:
0x03D6	0x51CF      	MOVF        Lcd_Out_i_L0, 0, 1
0x03D8	0x25CD      	ADDWF       FARG_Lcd_Out_text, 0, 1
0x03DA	0x6EE9      	MOVWF       FSR0L 
0x03DC	0x0E00      	MOVLW       0
0x03DE	0x21CE      	ADDWFC      FARG_Lcd_Out_text+1, 0, 1
0x03E0	0x6EEA      	MOVWF       FSR0H 
0x03E2	0x52EE      	MOVF        POSTINC0, 1 
0x03E4	0xE00B      	BZ          L_Lcd_Out19
;__Lib_Lcd.c,200 :: 		
0x03E6	0x51CF      	MOVF        Lcd_Out_i_L0, 0, 1
0x03E8	0x25CD      	ADDWF       FARG_Lcd_Out_text, 0, 1
0x03EA	0x6EE9      	MOVWF       FSR0L 
0x03EC	0x0E00      	MOVLW       0
0x03EE	0x21CE      	ADDWFC      FARG_Lcd_Out_text+1, 0, 1
0x03F0	0x6EEA      	MOVWF       FSR0H 
0x03F2	0xF0D0CFEE  	MOVFF       POSTINC0, FARG_Lcd_Chr_CP_out_char
0x03F6	0xDF45      	RCALL       _Lcd_Chr_CP
0x03F8	0x2BCF      	INCF        Lcd_Out_i_L0, 1, 1
0x03FA	0xD7ED      	BRA         L_Lcd_Out18
L_Lcd_Out19:
;__Lib_Lcd.c,201 :: 		
0x03FC	0x81CA      	BSF         __Lib_Lcd_cmd_status, BitPos(__Lib_Lcd_cmd_status+0), 1
;__Lib_Lcd.c,202 :: 		
L_end_Lcd_Out:
0x03FE	0x0012      	RETURN      0
; end of _Lcd_Out
_UART1_Write_Text:
;__Lib_UART_c67.c,66 :: 		
;__Lib_UART_c67.c,67 :: 		
0x0400	0x0100      	MOVLB       0
0x0402	0x6BCE      	CLRF        UART1_Write_Text_counter_L0, 1
;__Lib_UART_c67.c,69 :: 		
0x0404	0xFFE9C0CB  	MOVFF       FARG_UART1_Write_Text_uart_text, FSR0L
0x0408	0xFFEAC0CC  	MOVFF       FARG_UART1_Write_Text_uart_text+1, FSR0H
0x040C	0xF0CDCFEE  	MOVFF       POSTINC0, UART1_Write_Text_data__L0
;__Lib_UART_c67.c,70 :: 		
L_UART1_Write_Text5:
0x0410	0x51CD      	MOVF        UART1_Write_Text_data__L0, 0, 1
0x0412	0x0A00      	XORLW       0
0x0414	0xE00E      	BZ          L_UART1_Write_Text6
;__Lib_UART_c67.c,71 :: 		
0x0416	0xF0D0C0CD  	MOVFF       UART1_Write_Text_data__L0, FARG_UART1_Write_data_
0x041A	0xDF00      	RCALL       _UART1_Write
;__Lib_UART_c67.c,72 :: 		
0x041C	0x0100      	MOVLB       0
0x041E	0x2BCE      	INCF        UART1_Write_Text_counter_L0, 1, 1
;__Lib_UART_c67.c,73 :: 		
0x0420	0x51CE      	MOVF        UART1_Write_Text_counter_L0, 0, 1
0x0422	0x25CB      	ADDWF       FARG_UART1_Write_Text_uart_text, 0, 1
0x0424	0x6EE9      	MOVWF       FSR0L 
0x0426	0x0E00      	MOVLW       0
0x0428	0x21CC      	ADDWFC      FARG_UART1_Write_Text_uart_text+1, 0, 1
0x042A	0x6EEA      	MOVWF       FSR0H 
0x042C	0xF0CDCFEE  	MOVFF       POSTINC0, UART1_Write_Text_data__L0
;__Lib_UART_c67.c,74 :: 		
0x0430	0xD7EF      	BRA         L_UART1_Write_Text5
L_UART1_Write_Text6:
;__Lib_UART_c67.c,75 :: 		
L_end_UART1_Write_Text:
0x0432	0x0012      	RETURN      0
; end of _UART1_Write_Text
_Lcd_Init:
;__Lib_Lcd.c,84 :: 		
;__Lib_Lcd.c,86 :: 		
0x0434	0x9295      	BCF         LCD_EN_Direction, BitPos(LCD_EN_Direction+0) 
;__Lib_Lcd.c,87 :: 		
0x0436	0x9095      	BCF         LCD_RS_Direction, BitPos(LCD_RS_Direction+0) 
;__Lib_Lcd.c,88 :: 		
0x0438	0x9495      	BCF         LCD_D4_Direction, BitPos(LCD_D4_Direction+0) 
;__Lib_Lcd.c,89 :: 		
0x043A	0x9695      	BCF         LCD_D5_Direction, BitPos(LCD_D5_Direction+0) 
;__Lib_Lcd.c,90 :: 		
0x043C	0x9895      	BCF         LCD_D6_Direction, BitPos(LCD_D6_Direction+0) 
;__Lib_Lcd.c,91 :: 		
0x043E	0x9A95      	BCF         LCD_D7_Direction, BitPos(LCD_D7_Direction+0) 
;__Lib_Lcd.c,93 :: 		
0x0440	0x928C      	BCF         LCD_EN, BitPos(LCD_EN+0) 
;__Lib_Lcd.c,94 :: 		
0x0442	0x908C      	BCF         LCD_RS, BitPos(LCD_RS+0) 
;__Lib_Lcd.c,95 :: 		
0x0444	0x9A8C      	BCF         LCD_D7, BitPos(LCD_D7+0) 
;__Lib_Lcd.c,96 :: 		
0x0446	0x988C      	BCF         LCD_D6, BitPos(LCD_D6+0) 
;__Lib_Lcd.c,97 :: 		
0x0448	0x968C      	BCF         LCD_D5, BitPos(LCD_D5+0) 
;__Lib_Lcd.c,98 :: 		
0x044A	0x948C      	BCF         LCD_D4, BitPos(LCD_D4+0) 
;__Lib_Lcd.c,100 :: 		
0x044C	0xDE98      	RCALL       _Delay_5500us
;__Lib_Lcd.c,101 :: 		
0x044E	0xDE97      	RCALL       _Delay_5500us
;__Lib_Lcd.c,102 :: 		
0x0450	0xDE96      	RCALL       _Delay_5500us
;__Lib_Lcd.c,105 :: 		
0x0452	0x868C      	BSF         LCD_D5, BitPos(LCD_D5+0) 
;__Lib_Lcd.c,106 :: 		
0x0454	0x848C      	BSF         LCD_D4, BitPos(LCD_D4+0) 
;__Lib_Lcd.c,107 :: 		
0x0456	0x828C      	BSF         LCD_EN, BitPos(LCD_EN+0) 
;__Lib_Lcd.c,108 :: 		
0x0458	0xDE8C      	RCALL       _Delay_1us
;__Lib_Lcd.c,109 :: 		
0x045A	0x928C      	BCF         LCD_EN, BitPos(LCD_EN+0) 
;__Lib_Lcd.c,110 :: 		
0x045C	0xDE90      	RCALL       _Delay_5500us
;__Lib_Lcd.c,112 :: 		
0x045E	0x828C      	BSF         LCD_EN, BitPos(LCD_EN+0) 
;__Lib_Lcd.c,113 :: 		
0x0460	0xDE88      	RCALL       _Delay_1us
;__Lib_Lcd.c,114 :: 		
0x0462	0x928C      	BCF         LCD_EN, BitPos(LCD_EN+0) 
;__Lib_Lcd.c,115 :: 		
0x0464	0xDE8C      	RCALL       _Delay_5500us
;__Lib_Lcd.c,117 :: 		
0x0466	0x828C      	BSF         LCD_EN, BitPos(LCD_EN+0) 
;__Lib_Lcd.c,118 :: 		
0x0468	0xDE84      	RCALL       _Delay_1us
;__Lib_Lcd.c,119 :: 		
0x046A	0x928C      	BCF         LCD_EN, BitPos(LCD_EN+0) 
;__Lib_Lcd.c,120 :: 		
0x046C	0xDE88      	RCALL       _Delay_5500us
;__Lib_Lcd.c,123 :: 		
0x046E	0x948C      	BCF         LCD_D4, BitPos(LCD_D4+0) 
;__Lib_Lcd.c,124 :: 		
0x0470	0x828C      	BSF         LCD_EN, BitPos(LCD_EN+0) 
;__Lib_Lcd.c,125 :: 		
0x0472	0xDE7F      	RCALL       _Delay_1us
;__Lib_Lcd.c,126 :: 		
0x0474	0x928C      	BCF         LCD_EN, BitPos(LCD_EN+0) 
;__Lib_Lcd.c,127 :: 		
0x0476	0xDE83      	RCALL       _Delay_5500us
;__Lib_Lcd.c,130 :: 		
0x0478	0x828C      	BSF         LCD_EN, BitPos(LCD_EN+0) 
;__Lib_Lcd.c,131 :: 		
0x047A	0xDE7B      	RCALL       _Delay_1us
;__Lib_Lcd.c,132 :: 		
0x047C	0x928C      	BCF         LCD_EN, BitPos(LCD_EN+0) 
;__Lib_Lcd.c,134 :: 		
0x047E	0x968C      	BCF         LCD_D5, BitPos(LCD_D5+0) 
;__Lib_Lcd.c,135 :: 		
0x0480	0x8A8C      	BSF         LCD_D7, BitPos(LCD_D7+0) 
;__Lib_Lcd.c,136 :: 		
0x0482	0x828C      	BSF         LCD_EN, BitPos(LCD_EN+0) 
;__Lib_Lcd.c,137 :: 		
0x0484	0xDE76      	RCALL       _Delay_1us
;__Lib_Lcd.c,138 :: 		
0x0486	0x928C      	BCF         LCD_EN, BitPos(LCD_EN+0) 
;__Lib_Lcd.c,139 :: 		
0x0488	0xDE7A      	RCALL       _Delay_5500us
;__Lib_Lcd.c,142 :: 		
0x048A	0x9A8C      	BCF         LCD_D7, BitPos(LCD_D7+0) 
;__Lib_Lcd.c,143 :: 		
0x048C	0x848C      	BSF         LCD_D4, BitPos(LCD_D4+0) 
;__Lib_Lcd.c,144 :: 		
0x048E	0x828C      	BSF         LCD_EN, BitPos(LCD_EN+0) 
;__Lib_Lcd.c,145 :: 		
0x0490	0xDE70      	RCALL       _Delay_1us
;__Lib_Lcd.c,146 :: 		
0x0492	0x928C      	BCF         LCD_EN, BitPos(LCD_EN+0) 
;__Lib_Lcd.c,148 :: 		
0x0494	0x948C      	BCF         LCD_D4, BitPos(LCD_D4+0) 
;__Lib_Lcd.c,149 :: 		
0x0496	0x828C      	BSF         LCD_EN, BitPos(LCD_EN+0) 
;__Lib_Lcd.c,150 :: 		
0x0498	0xDE6C      	RCALL       _Delay_1us
;__Lib_Lcd.c,151 :: 		
0x049A	0x928C      	BCF         LCD_EN, BitPos(LCD_EN+0) 
;__Lib_Lcd.c,152 :: 		
0x049C	0xDE70      	RCALL       _Delay_5500us
;__Lib_Lcd.c,155 :: 		
0x049E	0x828C      	BSF         LCD_EN, BitPos(LCD_EN+0) 
;__Lib_Lcd.c,156 :: 		
0x04A0	0xDE68      	RCALL       _Delay_1us
;__Lib_Lcd.c,157 :: 		
0x04A2	0x928C      	BCF         LCD_EN, BitPos(LCD_EN+0) 
;__Lib_Lcd.c,159 :: 		
0x04A4	0x848C      	BSF         LCD_D4, BitPos(LCD_D4+0) 
;__Lib_Lcd.c,160 :: 		
0x04A6	0x828C      	BSF         LCD_EN, BitPos(LCD_EN+0) 
;__Lib_Lcd.c,161 :: 		
0x04A8	0xDE64      	RCALL       _Delay_1us
;__Lib_Lcd.c,162 :: 		
0x04AA	0x928C      	BCF         LCD_EN, BitPos(LCD_EN+0) 
;__Lib_Lcd.c,163 :: 		
0x04AC	0xDE68      	RCALL       _Delay_5500us
;__Lib_Lcd.c,166 :: 		
0x04AE	0x948C      	BCF         LCD_D4, BitPos(LCD_D4+0) 
;__Lib_Lcd.c,167 :: 		
0x04B0	0x828C      	BSF         LCD_EN, BitPos(LCD_EN+0) 
;__Lib_Lcd.c,168 :: 		
0x04B2	0xDE5F      	RCALL       _Delay_1us
;__Lib_Lcd.c,169 :: 		
0x04B4	0x928C      	BCF         LCD_EN, BitPos(LCD_EN+0) 
;__Lib_Lcd.c,171 :: 		
0x04B6	0x8A8C      	BSF         LCD_D7, BitPos(LCD_D7+0) 
;__Lib_Lcd.c,172 :: 		
0x04B8	0x888C      	BSF         LCD_D6, BitPos(LCD_D6+0) 
;__Lib_Lcd.c,173 :: 		
0x04BA	0x868C      	BSF         LCD_D5, BitPos(LCD_D5+0) 
;__Lib_Lcd.c,174 :: 		
0x04BC	0x848C      	BSF         LCD_D4, BitPos(LCD_D4+0) 
;__Lib_Lcd.c,175 :: 		
0x04BE	0x828C      	BSF         LCD_EN, BitPos(LCD_EN+0) 
;__Lib_Lcd.c,176 :: 		
0x04C0	0xDE58      	RCALL       _Delay_1us
;__Lib_Lcd.c,177 :: 		
0x04C2	0x928C      	BCF         LCD_EN, BitPos(LCD_EN+0) 
;__Lib_Lcd.c,179 :: 		
0x04C4	0xDE5C      	RCALL       _Delay_5500us
;__Lib_Lcd.c,181 :: 		
0x04C6	0x0100      	MOVLB       0
0x04C8	0x81CA      	BSF         __Lib_Lcd_cmd_status, BitPos(__Lib_Lcd_cmd_status+0), 1
;__Lib_Lcd.c,182 :: 		
L_end_Lcd_Init:
0x04CA	0x0012      	RETURN      0
; end of _Lcd_Init
_UART1_Init:
;__Lib_UART_c67.c,15 :: 		
;__Lib_UART_c67.c,18 :: 		
0x04CC	0x0E1C      	MOVLW       _UART1_Write
0x04CE	0x0100      	MOVLB       0
0x04D0	0x6FC5      	MOVWF       _UART_Wr_Ptr, 1
0x04D2	0x0E02      	MOVLW       hi_addr(_UART1_Write)
0x04D4	0x6FC6      	MOVWF       _UART_Wr_Ptr+1, 1
0x04D6	0x0ED0      	MOVLW       FARG_UART1_Write_data_
0x04D8	0x6FC7      	MOVWF       _UART_Wr_Ptr+2, 1
0x04DA	0x0E00      	MOVLW       hi_addr(FARG_UART1_Write_data_)
0x04DC	0x6FC8      	MOVWF       _UART_Wr_Ptr+3, 1
;__Lib_UART_c67.c,19 :: 		
0x04DE	0x0E70      	MOVLW       _UART1_Read
0x04E0	0x6FB9      	MOVWF       _UART_Rd_Ptr, 1
0x04E2	0x0E03      	MOVLW       hi_addr(_UART1_Read)
0x04E4	0x6FBA      	MOVWF       _UART_Rd_Ptr+1, 1
0x04E6	0x0E00      	MOVLW       0
0x04E8	0x6FBB      	MOVWF       _UART_Rd_Ptr+2, 1
0x04EA	0x0E00      	MOVLW       0
0x04EC	0x6FBC      	MOVWF       _UART_Rd_Ptr+3, 1
;__Lib_UART_c67.c,20 :: 		
0x04EE	0x0E90      	MOVLW       _UART1_Data_Ready
0x04F0	0x6FBD      	MOVWF       _UART_Rdy_Ptr, 1
0x04F2	0x0E02      	MOVLW       hi_addr(_UART1_Data_Ready)
0x04F4	0x6FBE      	MOVWF       _UART_Rdy_Ptr+1, 1
0x04F6	0x0E00      	MOVLW       0
0x04F8	0x6FBF      	MOVWF       _UART_Rdy_Ptr+2, 1
0x04FA	0x0E00      	MOVLW       0
0x04FC	0x6FC0      	MOVWF       _UART_Rdy_Ptr+3, 1
;__Lib_UART_c67.c,21 :: 		
0x04FE	0x0EFF      	MOVLW       _UART1_Tx_Idle
0x0500	0x6FC1      	MOVWF       _UART_Tx_Idle_Ptr, 1
0x0502	0x0EFF      	MOVLW       hi_addr(_UART1_Tx_Idle)
0x0504	0x6FC2      	MOVWF       _UART_Tx_Idle_Ptr+1, 1
0x0506	0x0E00      	MOVLW       0
0x0508	0x6FC3      	MOVWF       _UART_Tx_Idle_Ptr+2, 1
0x050A	0x0E00      	MOVLW       0
0x050C	0x6FC4      	MOVWF       _UART_Tx_Idle_Ptr+3, 1
;__Lib_UART_c67.c,23 :: 		
0x050E	0x8AAC      	BSF         TXSTA, 5 
;__Lib_UART_c67.c,24 :: 		
0x0510	0x0E90      	MOVLW       144
0x0512	0x6EAB      	MOVWF       RCSTA 
;__Lib_UART_c67.c,25 :: 		
0x0514	0x8E94      	BSF         TRISC7_bit, BitPos(TRISC7_bit+0) 
;__Lib_UART_c67.c,26 :: 		
0x0516	0x9C94      	BCF         TRISC6_bit, BitPos(TRISC6_bit+0) 
;__Lib_UART_c67.c,28 :: 		
L_UART1_Init0:
0x0518	0xAA9E      	BTFSS       PIR1, 5 
0x051A	0xD003      	BRA         L_UART1_Init1
;__Lib_UART_c67.c,29 :: 		
0x051C	0xF000CFAE  	MOVFF       RCREG, R0
0x0520	0xD7FB      	BRA         L_UART1_Init0
L_UART1_Init1:
;__Lib_UART_c67.c,30 :: 		
L_end_UART1_Init:
0x0522	0x0012      	RETURN      0
; end of _UART1_Init
_main:
0x0524	0xF003EC97  	CALL        1838, 0
;uart.c,89 :: 		void main()
;uart.c,91 :: 		Lcd_Init();                // Inicializa LCD
0x0528	0xDF85      	RCALL       _Lcd_Init
;uart.c,92 :: 		Lcd_Cmd(_Lcd_CLEAR);       // Limpiar display
0x052A	0x0E01      	MOVLW       1
0x052C	0x6FD1      	MOVWF       FARG_Lcd_Cmd_out_char, 1
0x052E	0xDE37      	RCALL       _Lcd_Cmd
;uart.c,93 :: 		Lcd_Cmd(_Lcd_CURSOR_OFF);  // Desactivar cursor
0x0530	0x0E0C      	MOVLW       12
0x0532	0x6FD1      	MOVWF       FARG_Lcd_Cmd_out_char, 1
0x0534	0xDE34      	RCALL       _Lcd_Cmd
;uart.c,94 :: 		UART1_Init(9600);
0x0536	0x86B8      	BSF         BAUDCON, 3, 0
0x0538	0x0E02      	MOVLW       2
0x053A	0x6EB0      	MOVWF       SPBRGH 
0x053C	0x0E08      	MOVLW       8
0x053E	0x6EAF      	MOVWF       SPBRG 
0x0540	0x84AC      	BSF         TXSTA, 2, 0
0x0542	0xDFC4      	RCALL       _UART1_Init
;uart.c,95 :: 		Lcd_Out(1,1,"Trang thai cua cuon");
0x0544	0x0E01      	MOVLW       1
0x0546	0x6FCB      	MOVWF       FARG_Lcd_Out_row, 1
0x0548	0x0E01      	MOVLW       1
0x054A	0x6FCC      	MOVWF       FARG_Lcd_Out_column, 1
0x054C	0x0E77      	MOVLW       ?lstr1_uart
0x054E	0x6FCD      	MOVWF       FARG_Lcd_Out_text, 1
0x0550	0x0E00      	MOVLW       hi_addr(?lstr1_uart)
0x0552	0x6FCE      	MOVWF       FARG_Lcd_Out_text+1, 1
0x0554	0xDF16      	RCALL       _Lcd_Out
;uart.c,96 :: 		ADCON1 |= 0x0F;
0x0556	0x0E0F      	MOVLW       15
0x0558	0x12C1      	IORWF       ADCON1, 1 
;uart.c,97 :: 		CMCON |= 0x07;
0x055A	0x0E07      	MOVLW       7
0x055C	0x12B4      	IORWF       CMCON, 1 
;uart.c,98 :: 		PORTB = 0x00; LATB = 0x00;
0x055E	0x6A81      	CLRF        PORTB 
0x0560	0x6A8A      	CLRF        LATB 
;uart.c,99 :: 		TRISB.TRISB0 = 1;
0x0562	0x8093      	BSF         TRISB, 0 
;uart.c,100 :: 		TRISB.TRISB1 = 1;
0x0564	0x8293      	BSF         TRISB, 1 
;uart.c,101 :: 		INTCON2.RBPU = 0;
0x0566	0x9EF1      	BCF         INTCON2, 7 
;uart.c,102 :: 		PORTE = 0x00; LATE = 0x00;
0x0568	0x6A84      	CLRF        PORTE 
0x056A	0x6A8D      	CLRF        LATE 
;uart.c,103 :: 		TRISE.TRISE0 = 0;
0x056C	0x9096      	BCF         TRISE, 0 
;uart.c,104 :: 		TRISE.TRISE1 = 0;
0x056E	0x9296      	BCF         TRISE, 1 
;uart.c,105 :: 		PORTA = 0x00; LATA = 0x00;
0x0570	0x6A80      	CLRF        PORTA 
0x0572	0x6A89      	CLRF        LATA 
;uart.c,106 :: 		TRISA.TRISA0 = 1;
0x0574	0x8092      	BSF         TRISA, 0 
;uart.c,107 :: 		TRISA.TRISA1 = 1;
0x0576	0x8292      	BSF         TRISA, 1 
;uart.c,108 :: 		INTCON.INT0IF = 0;
0x0578	0x92F2      	BCF         INTCON, 1 
;uart.c,109 :: 		INTCON3.INT1IF = 0;
0x057A	0x90F0      	BCF         INTCON3, 0 
;uart.c,110 :: 		INTCON.INT0IE = 1;
0x057C	0x88F2      	BSF         INTCON, 4 
;uart.c,111 :: 		INTCON3.INT1IE = 1;
0x057E	0x86F0      	BSF         INTCON3, 3 
;uart.c,112 :: 		INTCON2.INTEDG0 = 1;
0x0580	0x8CF1      	BSF         INTCON2, 6 
;uart.c,113 :: 		INTCON2.INTEDG1 = 1;
0x0582	0x8AF1      	BSF         INTCON2, 5 
;uart.c,114 :: 		PIR1.RCIF = 0;
0x0584	0x9A9E      	BCF         PIR1, 5 
;uart.c,115 :: 		PIE1.RCIE = 1;
0x0586	0x8A9D      	BSF         PIE1, 5 
;uart.c,116 :: 		INTCON.GIE = 1;
0x0588	0x8EF2      	BSF         INTCON, 7 
;uart.c,117 :: 		INTCON.PEIE = 1;
0x058A	0x8CF2      	BSF         INTCON, 6 
;uart.c,118 :: 		while(1)
L_main12:
;uart.c,120 :: 		if(PORTA.B0 == 0)
0x058C	0xB080      	BTFSC       PORTA, 0 
0x058E	0xD010      	BRA         L_main14
;uart.c,122 :: 		PORTE.B0 = 0;
0x0590	0x9084      	BCF         PORTE, 0 
;uart.c,123 :: 		count = 0;
0x0592	0x6B75      	CLRF        _count, 1
0x0594	0x6B76      	CLRF        _count+1, 1
;uart.c,124 :: 		Lcd_Out(2,1,"Da mo               ");
0x0596	0x0E02      	MOVLW       2
0x0598	0x6FCB      	MOVWF       FARG_Lcd_Out_row, 1
0x059A	0x0E01      	MOVLW       1
0x059C	0x6FCC      	MOVWF       FARG_Lcd_Out_column, 1
0x059E	0x0E60      	MOVLW       ?lstr2_uart
0x05A0	0x6FCD      	MOVWF       FARG_Lcd_Out_text, 1
0x05A2	0x0E00      	MOVLW       hi_addr(?lstr2_uart)
0x05A4	0x6FCE      	MOVWF       FARG_Lcd_Out_text+1, 1
0x05A6	0xDEED      	RCALL       _Lcd_Out
;uart.c,125 :: 		old_state = 2;
0x05A8	0x0E02      	MOVLW       2
0x05AA	0x6F8B      	MOVWF       _old_state, 1
0x05AC	0x0E00      	MOVLW       0
0x05AE	0x6F8C      	MOVWF       _old_state+1, 1
;uart.c,126 :: 		}
L_main14:
;uart.c,127 :: 		if(PORTA.B1 == 0)
0x05B0	0xB280      	BTFSC       PORTA, 1 
0x05B2	0xD010      	BRA         L_main15
;uart.c,129 :: 		PORTE.B1 = 0;
0x05B4	0x9284      	BCF         PORTE, 1 
;uart.c,130 :: 		count1 = 0;
0x05B6	0x6BB7      	CLRF        _count1, 1
0x05B8	0x6BB8      	CLRF        _count1+1, 1
;uart.c,131 :: 		Lcd_Out(2,1,"Da dong             ");
0x05BA	0x0E02      	MOVLW       2
0x05BC	0x6FCB      	MOVWF       FARG_Lcd_Out_row, 1
0x05BE	0x0E01      	MOVLW       1
0x05C0	0x6FCC      	MOVWF       FARG_Lcd_Out_column, 1
0x05C2	0x0EA2      	MOVLW       ?lstr3_uart
0x05C4	0x6FCD      	MOVWF       FARG_Lcd_Out_text, 1
0x05C6	0x0E00      	MOVLW       hi_addr(?lstr3_uart)
0x05C8	0x6FCE      	MOVWF       FARG_Lcd_Out_text+1, 1
0x05CA	0xDEDB      	RCALL       _Lcd_Out
;uart.c,132 :: 		old_state = 4;
0x05CC	0x0E04      	MOVLW       4
0x05CE	0x6F8B      	MOVWF       _old_state, 1
0x05D0	0x0E00      	MOVLW       0
0x05D2	0x6F8C      	MOVWF       _old_state+1, 1
;uart.c,133 :: 		}
L_main15:
;uart.c,134 :: 		if(old_state == 1)
0x05D4	0x0E00      	MOVLW       0
0x05D6	0x198C      	XORWF       _old_state+1, 0, 1
0x05D8	0xE102      	BNZ         L__main30
0x05DA	0x0E01      	MOVLW       1
0x05DC	0x198B      	XORWF       _old_state, 0, 1
L__main30:
0x05DE	0xE111      	BNZ         L_main16
;uart.c,136 :: 		Lcd_Out(2,1,"Dang mo cua         ");
0x05E0	0x0E02      	MOVLW       2
0x05E2	0x6FCB      	MOVWF       FARG_Lcd_Out_row, 1
0x05E4	0x0E01      	MOVLW       1
0x05E6	0x6FCC      	MOVWF       FARG_Lcd_Out_column, 1
0x05E8	0x0E8D      	MOVLW       ?lstr4_uart
0x05EA	0x6FCD      	MOVWF       FARG_Lcd_Out_text, 1
0x05EC	0x0E00      	MOVLW       hi_addr(?lstr4_uart)
0x05EE	0x6FCE      	MOVWF       FARG_Lcd_Out_text+1, 1
0x05F0	0xDEC8      	RCALL       _Lcd_Out
;uart.c,137 :: 		old_state = 0;
0x05F2	0x6B8B      	CLRF        _old_state, 1
0x05F4	0x6B8C      	CLRF        _old_state+1, 1
;uart.c,138 :: 		UART1_Write_Text("A");
0x05F6	0x0E30      	MOVLW       ?lstr5_uart
0x05F8	0x6FCB      	MOVWF       FARG_UART1_Write_Text_uart_text, 1
0x05FA	0x0E00      	MOVLW       hi_addr(?lstr5_uart)
0x05FC	0x6FCC      	MOVWF       FARG_UART1_Write_Text_uart_text+1, 1
0x05FE	0xDF00      	RCALL       _UART1_Write_Text
;uart.c,139 :: 		}
0x0600	0xD044      	BRA         L_main17
L_main16:
;uart.c,140 :: 		else if(old_state == 2)
0x0602	0x0E00      	MOVLW       0
0x0604	0x198C      	XORWF       _old_state+1, 0, 1
0x0606	0xE102      	BNZ         L__main31
0x0608	0x0E02      	MOVLW       2
0x060A	0x198B      	XORWF       _old_state, 0, 1
L__main31:
0x060C	0xE111      	BNZ         L_main18
;uart.c,142 :: 		Lcd_Out(2,1,"Da mo               ");
0x060E	0x0E02      	MOVLW       2
0x0610	0x6FCB      	MOVWF       FARG_Lcd_Out_row, 1
0x0612	0x0E01      	MOVLW       1
0x0614	0x6FCC      	MOVWF       FARG_Lcd_Out_column, 1
0x0616	0x0E1B      	MOVLW       ?lstr6_uart
0x0618	0x6FCD      	MOVWF       FARG_Lcd_Out_text, 1
0x061A	0x0E00      	MOVLW       hi_addr(?lstr6_uart)
0x061C	0x6FCE      	MOVWF       FARG_Lcd_Out_text+1, 1
0x061E	0xDEB1      	RCALL       _Lcd_Out
;uart.c,143 :: 		old_state = 0;
0x0620	0x6B8B      	CLRF        _old_state, 1
0x0622	0x6B8C      	CLRF        _old_state+1, 1
;uart.c,144 :: 		UART1_Write_Text("B");
0x0624	0x0E19      	MOVLW       ?lstr7_uart
0x0626	0x6FCB      	MOVWF       FARG_UART1_Write_Text_uart_text, 1
0x0628	0x0E00      	MOVLW       hi_addr(?lstr7_uart)
0x062A	0x6FCC      	MOVWF       FARG_UART1_Write_Text_uart_text+1, 1
0x062C	0xDEE9      	RCALL       _UART1_Write_Text
;uart.c,145 :: 		}
0x062E	0xD02D      	BRA         L_main19
L_main18:
;uart.c,146 :: 		else if(old_state == 3)
0x0630	0x0E00      	MOVLW       0
0x0632	0x198C      	XORWF       _old_state+1, 0, 1
0x0634	0xE102      	BNZ         L__main32
0x0636	0x0E03      	MOVLW       3
0x0638	0x198B      	XORWF       _old_state, 0, 1
L__main32:
0x063A	0xE111      	BNZ         L_main20
;uart.c,148 :: 		Lcd_Out(2,1,"Dang dong cua       ");
0x063C	0x0E02      	MOVLW       2
0x063E	0x6FCB      	MOVWF       FARG_Lcd_Out_row, 1
0x0640	0x0E01      	MOVLW       1
0x0642	0x6FCC      	MOVWF       FARG_Lcd_Out_column, 1
0x0644	0x0E32      	MOVLW       ?lstr8_uart
0x0646	0x6FCD      	MOVWF       FARG_Lcd_Out_text, 1
0x0648	0x0E00      	MOVLW       hi_addr(?lstr8_uart)
0x064A	0x6FCE      	MOVWF       FARG_Lcd_Out_text+1, 1
0x064C	0xDE9A      	RCALL       _Lcd_Out
;uart.c,149 :: 		old_state = 0;
0x064E	0x6B8B      	CLRF        _old_state, 1
0x0650	0x6B8C      	CLRF        _old_state+1, 1
;uart.c,150 :: 		UART1_Write_Text("C");
0x0652	0x0E5E      	MOVLW       ?lstr9_uart
0x0654	0x6FCB      	MOVWF       FARG_UART1_Write_Text_uart_text, 1
0x0656	0x0E00      	MOVLW       hi_addr(?lstr9_uart)
0x0658	0x6FCC      	MOVWF       FARG_UART1_Write_Text_uart_text+1, 1
0x065A	0xDED2      	RCALL       _UART1_Write_Text
;uart.c,151 :: 		}
0x065C	0xD016      	BRA         L_main21
L_main20:
;uart.c,152 :: 		else if(old_state == 4)
0x065E	0x0E00      	MOVLW       0
0x0660	0x198C      	XORWF       _old_state+1, 0, 1
0x0662	0xE102      	BNZ         L__main33
0x0664	0x0E04      	MOVLW       4
0x0666	0x198B      	XORWF       _old_state, 0, 1
L__main33:
0x0668	0xE110      	BNZ         L_main22
;uart.c,154 :: 		Lcd_Out(2,1,"Da dong             ");
0x066A	0x0E02      	MOVLW       2
0x066C	0x6FCB      	MOVWF       FARG_Lcd_Out_row, 1
0x066E	0x0E01      	MOVLW       1
0x0670	0x6FCC      	MOVWF       FARG_Lcd_Out_column, 1
0x0672	0x0E49      	MOVLW       ?lstr10_uart
0x0674	0x6FCD      	MOVWF       FARG_Lcd_Out_text, 1
0x0676	0x0E00      	MOVLW       hi_addr(?lstr10_uart)
0x0678	0x6FCE      	MOVWF       FARG_Lcd_Out_text+1, 1
0x067A	0xDE83      	RCALL       _Lcd_Out
;uart.c,155 :: 		old_state = 0;
0x067C	0x6B8B      	CLRF        _old_state, 1
0x067E	0x6B8C      	CLRF        _old_state+1, 1
;uart.c,156 :: 		UART1_Write_Text("D");
0x0680	0x0E47      	MOVLW       ?lstr11_uart
0x0682	0x6FCB      	MOVWF       FARG_UART1_Write_Text_uart_text, 1
0x0684	0x0E00      	MOVLW       hi_addr(?lstr11_uart)
0x0686	0x6FCC      	MOVWF       FARG_UART1_Write_Text_uart_text+1, 1
0x0688	0xDEBB      	RCALL       _UART1_Write_Text
;uart.c,157 :: 		}
L_main22:
L_main21:
L_main19:
L_main17:
;uart.c,158 :: 		}
0x068A	0xD780      	BRA         L_main12
;uart.c,159 :: 		}
L_end_main:
0x068C	0xD7FF      	BRA         $+0
; end of _main
0x072E	0xF019EE10  	LFSR        1, 25
0x0732	0x0EA0      	MOVLW       160
0x0734	0x6E00      	MOVWF       R0 
0x0736	0x0E01      	MOVLW       1
0x0738	0x6E01      	MOVWF       R1 
0x073A	0x0E8E      	MOVLW       142
0x073C	0x6EF6      	MOVWF       4086 
0x073E	0x0E06      	MOVLW       6
0x0740	0x6EF7      	MOVWF       TBLPTRH 
0x0742	0x0E00      	MOVLW       0
0x0744	0x6EF8      	MOVWF       TBLPTRU 
0x0746	0xF001EC4D  	CALL        666, 0
0x074A	0x0012      	RETURN      0
;uart.c,0 :: ?ICS?lstr7_uart
0x068E	0x0042 ;?ICS?lstr7_uart+0
; end of ?ICS?lstr7_uart
;uart.c,0 :: ?ICS?lstr6_uart
0x0690	0x6144 ;?ICS?lstr6_uart+0
0x0692	0x6D20 ;?ICS?lstr6_uart+2
0x0694	0x206F ;?ICS?lstr6_uart+4
0x0696	0x2020 ;?ICS?lstr6_uart+6
0x0698	0x2020 ;?ICS?lstr6_uart+8
0x069A	0x2020 ;?ICS?lstr6_uart+10
0x069C	0x2020 ;?ICS?lstr6_uart+12
0x069E	0x2020 ;?ICS?lstr6_uart+14
0x06A0	0x2020 ;?ICS?lstr6_uart+16
0x06A2	0x2020 ;?ICS?lstr6_uart+18
0x06A4	0x00 ;?ICS?lstr6_uart+20
; end of ?ICS?lstr6_uart
;uart.c,0 :: ?ICS?lstr5_uart
0x06A5	0x0041 ;?ICS?lstr5_uart+0
; end of ?ICS?lstr5_uart
;uart.c,0 :: ?ICS?lstr8_uart
0x06A7	0x6144 ;?ICS?lstr8_uart+0
0x06A9	0x676E ;?ICS?lstr8_uart+2
0x06AB	0x6420 ;?ICS?lstr8_uart+4
0x06AD	0x6E6F ;?ICS?lstr8_uart+6
0x06AF	0x2067 ;?ICS?lstr8_uart+8
0x06B1	0x7563 ;?ICS?lstr8_uart+10
0x06B3	0x2061 ;?ICS?lstr8_uart+12
0x06B5	0x2020 ;?ICS?lstr8_uart+14
0x06B7	0x2020 ;?ICS?lstr8_uart+16
0x06B9	0x2020 ;?ICS?lstr8_uart+18
0x06BB	0x00 ;?ICS?lstr8_uart+20
; end of ?ICS?lstr8_uart
;uart.c,0 :: ?ICS?lstr11_uart
0x06BC	0x0044 ;?ICS?lstr11_uart+0
; end of ?ICS?lstr11_uart
;uart.c,0 :: ?ICS?lstr10_uart
0x06BE	0x6144 ;?ICS?lstr10_uart+0
0x06C0	0x6420 ;?ICS?lstr10_uart+2
0x06C2	0x6E6F ;?ICS?lstr10_uart+4
0x06C4	0x2067 ;?ICS?lstr10_uart+6
0x06C6	0x2020 ;?ICS?lstr10_uart+8
0x06C8	0x2020 ;?ICS?lstr10_uart+10
0x06CA	0x2020 ;?ICS?lstr10_uart+12
0x06CC	0x2020 ;?ICS?lstr10_uart+14
0x06CE	0x2020 ;?ICS?lstr10_uart+16
0x06D0	0x2020 ;?ICS?lstr10_uart+18
0x06D2	0x00 ;?ICS?lstr10_uart+20
; end of ?ICS?lstr10_uart
;uart.c,0 :: ?ICS?lstr9_uart
0x06D3	0x0043 ;?ICS?lstr9_uart+0
; end of ?ICS?lstr9_uart
;uart.c,0 :: ?ICS?lstr2_uart
0x06D5	0x6144 ;?ICS?lstr2_uart+0
0x06D7	0x6D20 ;?ICS?lstr2_uart+2
0x06D9	0x206F ;?ICS?lstr2_uart+4
0x06DB	0x2020 ;?ICS?lstr2_uart+6
0x06DD	0x2020 ;?ICS?lstr2_uart+8
0x06DF	0x2020 ;?ICS?lstr2_uart+10
0x06E1	0x2020 ;?ICS?lstr2_uart+12
0x06E3	0x2020 ;?ICS?lstr2_uart+14
0x06E5	0x2020 ;?ICS?lstr2_uart+16
0x06E7	0x2020 ;?ICS?lstr2_uart+18
0x06E9	0x00 ;?ICS?lstr2_uart+20
; end of ?ICS?lstr2_uart
;uart.c,0 :: ?ICS_count
0x06EA	0x0000 ;?ICS_count+0
; end of ?ICS_count
;uart.c,0 :: ?ICS?lstr1_uart
0x06EC	0x7254 ;?ICS?lstr1_uart+0
0x06EE	0x6E61 ;?ICS?lstr1_uart+2
0x06F0	0x2067 ;?ICS?lstr1_uart+4
0x06F2	0x6874 ;?ICS?lstr1_uart+6
0x06F4	0x6961 ;?ICS?lstr1_uart+8
0x06F6	0x6320 ;?ICS?lstr1_uart+10
0x06F8	0x6175 ;?ICS?lstr1_uart+12
0x06FA	0x6320 ;?ICS?lstr1_uart+14
0x06FC	0x6F75 ;?ICS?lstr1_uart+16
0x06FE	0x006E ;?ICS?lstr1_uart+18
; end of ?ICS?lstr1_uart
;uart.c,0 :: ?ICS_old_state
0x0700	0x0000 ;?ICS_old_state+0
; end of ?ICS_old_state
;uart.c,0 :: ?ICS?lstr4_uart
0x0702	0x6144 ;?ICS?lstr4_uart+0
0x0704	0x676E ;?ICS?lstr4_uart+2
0x0706	0x6D20 ;?ICS?lstr4_uart+4
0x0708	0x206F ;?ICS?lstr4_uart+6
0x070A	0x7563 ;?ICS?lstr4_uart+8
0x070C	0x2061 ;?ICS?lstr4_uart+10
0x070E	0x2020 ;?ICS?lstr4_uart+12
0x0710	0x2020 ;?ICS?lstr4_uart+14
0x0712	0x2020 ;?ICS?lstr4_uart+16
0x0714	0x2020 ;?ICS?lstr4_uart+18
0x0716	0x00 ;?ICS?lstr4_uart+20
; end of ?ICS?lstr4_uart
;uart.c,0 :: ?ICS?lstr3_uart
0x0717	0x6144 ;?ICS?lstr3_uart+0
0x0719	0x6420 ;?ICS?lstr3_uart+2
0x071B	0x6E6F ;?ICS?lstr3_uart+4
0x071D	0x2067 ;?ICS?lstr3_uart+6
0x071F	0x2020 ;?ICS?lstr3_uart+8
0x0721	0x2020 ;?ICS?lstr3_uart+10
0x0723	0x2020 ;?ICS?lstr3_uart+12
0x0725	0x2020 ;?ICS?lstr3_uart+14
0x0727	0x2020 ;?ICS?lstr3_uart+16
0x0729	0x2020 ;?ICS?lstr3_uart+18
0x072B	0x00 ;?ICS?lstr3_uart+20
; end of ?ICS?lstr3_uart
;uart.c,0 :: ?ICS_count1
0x072C	0x0000 ;?ICS_count1+0
; end of ?ICS_count1
Symbol List:
//** Routines locations **
//ADDRESS    SIZE    PROCEDURE
//----------------------------------------------
0x0008     [362]    _interrupt
0x0172      [12]    _Delay_1us
0x017E      [22]    _Delay_5500us
0x0194      [10]    _Delay_50us
0x019E     [126]    _Lcd_Cmd
0x021C      [14]    _UART1_Write
0x022A      [88]    _Div_16x16_S_L
0x0282      [14]    _Lcd_Chr_CP
0x0290      [10]    _UART1_Data_Ready
0x029A      [16]    ___CC2DW
0x02AA     [198]    _Div_16x16_S
0x0370      [18]    _UART1_Read
0x0382     [126]    _Lcd_Out
0x0400      [52]    _UART1_Write_Text
0x0434     [152]    _Lcd_Init
0x04CC      [88]    _UART1_Init
0x0524     [362]    _main
//** Variables locations ** 
//ADDRESS    SIZE    VARIABLE
//----------------------------------------------
0x0000       [1]    EEPROM_Write_SaveINTCON_L0
0x0000       [1]    R0
0x0000       [1]    SPI1_Write_tmp_L0
0x0000       [1]    __Lib_SoftI2C_PutZerosToLATScl_temp_scl_L0
0x0000       [1]    __Lib_SoftI2C_PutZerosToLATSda_temp_sda_L0
0x0000       [1]    FLASH_Erase_64_SaveINTCON_L0
0x0000       [1]    UART1_Init_tmp_L0
0x0001       [1]    __Lib_TFT_16bit_JPEG_FileRead_i_L0
0x0001       [1]    __Lib_TFT_16bit_JPEG_FileReadBytes_Result_L0
0x0001       [1]    UART1_Read___tmp_UART1_Read_L0
0x0001       [1]    R1
0x0001       [1]    __Lib_TFT_JPEG_FileRead_i_L0
0x0001       [1]    __Lib_TFT_JPEG_FileReadBytes_Result_L0
0x0001       [2]    FLASH_Read_N_Bytes_i_L0
0x0001       [1]    FLASH_Erase_Write_64_i_L0
0x0001       [1]    __Lib_PS2_Wait_Falling_nsample_L0
0x0001       [1]    ispunct_rslt_L0
0x0001       [1]    FLASH_Write_32_i_L0
0x0001       [1]    __Lib_USB_genHID_?FLOC____Lib_USB_genHID_USB_Handle_BusyT1
0x0002       [2]    memchr_s_L0
0x0002       [2]    __Lib_FT810_alt_memset_pp_L0
0x0002       [2]    __Lib_FT810_alt_strlen_cp_L0
0x0002       [2]    memcpy_dd_L0
0x0002       [2]    memset_pp_L0
0x0002       [2]    strlen_cp_L0
0x0002       [1]    R2
0x0002       [2]    __Lib_FT812_alt_strlen_cp_L0
0x0002       [2]    __Lib_FT800_alt_strlen_cp_L0
0x0002       [2]    __Lib_FT812_alt_memcpy_dd_L0
0x0002       [2]    __Lib_FT800_alt_memset_pp_L0
0x0002       [2]    __Lib_FT800_alt_memcpy_dd_L0
0x0002       [1]    __Lib_USB_genHID_USB_CtrlTrf_Rx_Service_byteToRead_L0
0x0002       [1]    FLASH_Write_32_SaveINTCON_L0
0x0002       [2]    __Lib_FT810_alt_memcpy_dd_L0
0x0002       [1]    FLASH_Erase_Write_64_j_L0
0x0002       [2]    __Lib_FT812_alt_memset_pp_L0
0x0003       [4]    FT800_Canvas_SurrRect_minX_L0
0x0003       [1]    FLASH_Erase_Write_64_SaveINTCON_L0
0x0003       [1]    __Lib_USB_genHID_USB_CtrlTrf_Rx_Service_i_L0
0x0003       [2]    Ltrim_original_L0
0x0003       [2]    __Lib_USB_genHID_USB_CtrlTrf_Tx_Service_byteToSend_L0
0x0003       [4]    FT812_Canvas_SurrRect_minX_L0
0x0003       [1]    R3
0x0003       [2]    __Lib_MmcFat16_f16_toInt_l_L0
0x0003       [2]    MM_TotalFreeMemSize_Tot_L0
0x0003       [1]    __Lib_Sprinti_?FLOC____Lib_Sprinti_Do_FillT29
0x0003       [1]    MM_Init_i_L0
0x0003       [2]    memmove_tt_L0
0x0003       [4]    FT810_Canvas_SurrRect_minX_L0
0x0004       [2]    strncpy_cp_L0
0x0004       [1]    R4
0x0004       [2]    __Lib_MemManager_MM_GetMemAlign_P_L0
0x0004       [2]    strcat_cp_L0
0x0004       [2]    __Lib_FT810_alt_memcpy_ss_L0
0x0004       [1]    __Lib_Sprinti_?FLOC____Lib_Sprinti_Do_FillT40
0x0004       [3]    __Lib_FT812_alt_strlen_const_cp_L0
0x0004       [2]    __Lib_FT800_alt_memcpy_ss_L0
0x0004       [2]    strcpy_cp_L0
0x0004       [3]    __Lib_FT810_alt_strlen_const_cp_L0
0x0004       [3]    __Lib_FT800_alt_strlen_const_cp_L0
0x0004       [2]    strncat_cp_L0
0x0004       [2]    memcpy_ss_L0
0x0004       [2]    __Lib_FT812_alt_memcpy_ss_L0
0x0004       [2]    __Lib_USB_genHID_USB_Get_Status_Handler_p_L2
0x0004       [2]    __Lib_USB_genHID_USB_Std_Feature_Req_Handler_p_L0
0x0004       [1]    __Lib_USB_genHID_GetMaxIndexInDevDsc_index_L0
0x0004       [2]    __Lib_USB_genHID_USB_Transfer_Packet_handle_L0
0x0004       [2]    frexp_pom_L0
0x0005       [1]    MM_TotalFreeMemSize_i_L0
0x0005       [2]    LongIntToHex_input_half_L0
0x0005       [1]    __Lib_Sprinti_?FLOC____Lib_Sprinti_Do_FillT54
0x0005       [2]    memmove_ff_L0
0x0005       [1]    R5
0x0005       [2]    Ltrim_p_L0
0x0005       [2]    LongWordToHex_input_half_L0
0x0006       [1]    R6
0x0006       [1]    __Lib_Sprinti_?FLOC____Lib_Sprinti_Do_FillT69
0x0006       [1]    __Lib_MemManager_MM_GetMemAlign_i_L0
0x0006       [2]    __Lib_USB_genHID_GetMaxIndexInConfigDsc_totalLen_L0
0x0007       [1]    __Lib_TFT_16bit_JPEG_GenerateHuffmanTables_bLength_L0
0x0007       [4]    FT800_Canvas_SurrRect_minY_L0
0x0007       [4]    FT810_Canvas_SurrRect_minY_L0
0x0007       [1]    __Lib_TFT_JPEG_GenerateHuffmanTables_bLength_L0
0x0007       [4]    FT812_Canvas_SurrRect_minY_L0
0x0007       [1]    R7
0x0008       [1]    R8
0x0008       [1]    __Lib_TFT_JPEG_GenerateHuffmanTables_bTable_L0
0x0008       [3]    __Lib_USB_genHID_GetMaxIndexInConfigDsc_ptr_L0
0x0008       [1]    __Lib_TFT_16bit_JPEG_GenerateHuffmanTables_bTable_L0
0x0009       [4]    __Lib_MmcFat16_f16_toLong_l_L0
0x0009       [1]    R9
0x000A       [1]    R10
0x000B       [4]    FT812_Canvas_SurrRect_maxX_L0
0x000B       [4]    FT800_Canvas_SurrRect_maxX_L0
0x000B       [4]    FT810_Canvas_SurrRect_maxX_L0
0x000B       [1]    R11
0x000C       [1]    R12
0x000D       [1]    R13
0x000E       [1]    R14
0x000F       [4]    FT812_Canvas_SurrRect_maxY_L0
0x000F       [4]    FT810_Canvas_SurrRect_maxY_L0
0x000F       [1]    R15
0x000F       [4]    FT800_Canvas_SurrRect_maxY_L0
0x0010       [1]    R16
0x0011       [1]    R17
0x0012       [1]    R18
0x0013       [1]    R19
0x0014       [1]    R20
0x0019       [2]    ?lstr7_uart
0x001B      [21]    ?lstr6_uart
0x0030       [2]    ?lstr5_uart
0x0032      [21]    ?lstr8_uart
0x0047       [2]    ?lstr11_uart
0x0049      [21]    ?lstr10_uart
0x005E       [2]    ?lstr9_uart
0x0060      [21]    ?lstr2_uart
0x0075       [2]    _count
0x0077      [20]    ?lstr1_uart
0x008B       [2]    _old_state
0x008D      [21]    ?lstr4_uart
0x00A2      [21]    ?lstr3_uart
0x00B7       [2]    _count1
0x00B9       [4]    _UART_Rd_Ptr
0x00BD       [4]    _UART_Rdy_Ptr
0x00C1       [4]    _UART_Tx_Idle_Ptr
0x00C5       [4]    _UART_Wr_Ptr
0x00C9       [1]    _Receivedata
0x00CA       [0]    __Lib_Lcd_cmd_status
0x00CB       [2]    FARG_UART1_Write_Text_uart_text
0x00CB       [1]    FARG_Lcd_Out_row
0x00CC       [1]    FARG_Lcd_Out_column
0x00CD       [2]    FARG_Lcd_Out_text
0x00CD       [1]    UART1_Write_Text_data__L0
0x00CE       [1]    UART1_Write_Text_counter_L0
0x00CF       [1]    Lcd_Out_i_L0
0x00D0       [1]    FARG_Lcd_Chr_CP_out_char
0x00D0       [1]    FARG_UART1_Write_data_
0x00D1       [1]    FARG_Lcd_Cmd_out_char
0x0F80       [1]    PORTA
0x0F81       [1]    PORTB
0x0F84       [1]    PORTE
0x0F89       [1]    LATA
0x0F8A       [1]    LATB
0x0F8C       [0]    LCD_RS
0x0F8C       [0]    LCD_D7
0x0F8C       [0]    LCD_D4
0x0F8C       [0]    LCD_D6
0x0F8C       [0]    LCD_EN
0x0F8C       [0]    LCD_D5
0x0F8C       [0]    LATD5_bit
0x0F8C       [0]    LATD0_bit
0x0F8C       [0]    LATD1_bit
0x0F8C       [0]    LATD2_bit
0x0F8C       [0]    LATD3_bit
0x0F8C       [0]    LATD4_bit
0x0F8D       [1]    LATE
0x0F92       [1]    TRISA
0x0F93       [1]    TRISB
0x0F94       [0]    TRISC6_bit
0x0F94       [0]    TRISC7_bit
0x0F95       [0]    LCD_D6_Direction
0x0F95       [0]    TRISD1_bit
0x0F95       [0]    TRISD2_bit
0x0F95       [0]    TRISD0_bit
0x0F95       [0]    TRISD3_bit
0x0F95       [0]    LCD_D7_Direction
0x0F95       [0]    LCD_D5_Direction
0x0F95       [0]    TRISD5_bit
0x0F95       [0]    LCD_EN_Direction
0x0F95       [0]    LCD_D4_Direction
0x0F95       [0]    TRISD4_bit
0x0F95       [0]    LCD_RS_Direction
0x0F96       [1]    TRISE
0x0F9D       [1]    PIE1
0x0F9E       [1]    PIR1
0x0FAB       [1]    RCSTA
0x0FAC       [1]    TXSTA
0x0FAD       [1]    TXREG
0x0FAE       [1]    RCREG
0x0FAF       [1]    SPBRG
0x0FB0       [1]    SPBRGH
0x0FB4       [1]    CMCON
0x0FB8       [1]    BAUDCON
0x0FC1       [1]    ADCON1
0x0FD8       [1]    STATUS
0x0FD9       [1]    FSR2L
0x0FDA       [1]    FSR2H
0x0FDE       [1]    POSTINC2
0x0FE0       [1]    BSR
0x0FE1       [1]    FSR1L
0x0FE2       [1]    FSR1H
0x0FE4       [1]    PREINC1
0x0FE6       [1]    POSTINC1
0x0FE7       [1]    INDF1
0x0FE8       [1]    WREG
0x0FE9       [1]    FSR0L
0x0FEA       [1]    FSR0H
0x0FEE       [1]    POSTINC0
0x0FF0       [1]    INTCON3
0x0FF1       [1]    INTCON2
0x0FF2       [1]    INTCON
0x0FF3       [1]    PRODL
0x0FF4       [1]    PRODH
0x0FF5       [1]    TABLAT
0x0FF6       [1]    TBLPTRL
0x0FF7       [1]    TBLPTRH
0x0FF8       [1]    TBLPTRU
//** Constants locations ** 
//ADDRESS    SIZE    CONSTANT
//----------------------------------------------
0x068E       [2]    ?ICS?lstr7_uart
0x0690      [21]    ?ICS?lstr6_uart
0x06A5       [2]    ?ICS?lstr5_uart
0x06A7      [21]    ?ICS?lstr8_uart
0x06BC       [2]    ?ICS?lstr11_uart
0x06BE      [21]    ?ICS?lstr10_uart
0x06D3       [2]    ?ICS?lstr9_uart
0x06D5      [21]    ?ICS?lstr2_uart
0x06EA       [2]    ?ICS_count
0x06EC      [20]    ?ICS?lstr1_uart
0x0700       [2]    ?ICS_old_state
0x0702      [21]    ?ICS?lstr4_uart
0x0717      [21]    ?ICS?lstr3_uart
0x072C       [2]    ?ICS_count1
